Assembler report for hamming_distance
Fri Mar  8 19:21:08 2024
Quartus Prime Version 20.1.1 Build 720 11/11/2020 SJ Standard Edition


---------------------
; Table of Contents ;
---------------------
  1. Legal Notice
  2. Assembler Summary
  3. Assembler Settings
  4. Assembler Generated Files
  5. Assembler Device Options: hamming_distance.sof
  6. Assembler Messages



----------------
; Legal Notice ;
----------------
Copyright (C) 2020  Intel Corporation. All rights reserved.
Your use of Intel Corporation's design tools, logic functions 
and other software and tools, and any partner logic 
functions, and any output files from any of the foregoing 
(including device programming or simulation files), and any 
associated documentation or information are expressly subject 
to the terms and conditions of the Intel Program License 
Subscription Agreement, the Intel Quartus Prime License Agreement,
the Intel FPGA IP License Agreement, or other applicable license
agreement, including, without limitation, that your use is for
the sole purpose of programming logic devices manufactured by
Intel and sold by Intel or its authorized distributors.  Please
refer to the applicable agreement for further details, at
https://fpgasoftware.intel.com/eula.



+---------------------------------------------------------------+
; Assembler Summary                                             ;
+-----------------------+---------------------------------------+
; Assembler Status      ; Successful - Fri Mar  8 19:21:08 2024 ;
; Revision Name         ; hamming_distance                      ;
; Top-level Entity Name ; hamming_distance                      ;
; Family                ; Cyclone IV E                          ;
; Device                ; EP4CE6E22C7                           ;
+-----------------------+---------------------------------------+


+---------------------------------------------------------------------------------------------------------------+
; Assembler Settings                                                                                            ;
+-----------------------------------------------------------------------------+----------------+----------------+
; Option                                                                      ; Setting        ; Default Value  ;
+-----------------------------------------------------------------------------+----------------+----------------+
; Use smart compilation                                                       ; Off            ; Off            ;
; Enable parallel Assembler and Timing Analyzer during compilation            ; On             ; On             ;
; Enable compact report table                                                 ; Off            ; Off            ;
; Generate compressed bitstreams                                              ; On             ; On             ;
; Compression mode                                                            ; Off            ; Off            ;
; Clock source for configuration device                                       ; Internal       ; Internal       ;
; Clock frequency of the configuration device                                 ; 10 MHZ         ; 10 MHz         ;
; Divide clock frequency by                                                   ; 1              ; 1              ;
; Auto user code                                                              ; On             ; On             ;
; Use configuration device                                                    ; Off            ; Off            ;
; Configuration device                                                        ; Auto           ; Auto           ;
; Voltage output format                                                       ; Auto discovery ; Auto discovery ;
; Configuration device auto user code                                         ; Off            ; Off            ;
; Generate Tabular Text File (.ttf) For Target Device                         ; Off            ; Off            ;
; Generate Raw Binary File (.rbf) For Target Device                           ; Off            ; Off            ;
; Generate Hexadecimal (Intel-Format) Output File (.hexout) for Target Device ; Off            ; Off            ;
; Hexadecimal Output File start address                                       ; 0              ; 0              ;
; Hexadecimal Output File count direction                                     ; Up             ; Up             ;
; Release clears before tri-states                                            ; Off            ; Off            ;
; Auto-restart configuration after error                                      ; On             ; On             ;
; Enable OCT_DONE                                                             ; Off            ; Off            ;
; Generate Serial Vector Format File (.svf) for Target Device                 ; Off            ; Off            ;
; Generate a JEDEC STAPL Format File (.jam) for Target Device                 ; Off            ; Off            ;
; Generate a compressed Jam STAPL Byte Code 2.0 File (.jbc) for Target Device ; Off            ; Off            ;
; Generate a compressed Jam STAPL Byte Code 2.0 File (.jbc) for Target Device ; On             ; On             ;
+-----------------------------------------------------------------------------+----------------+----------------+


+-------------------------------------------------------------+
; Assembler Generated Files                                   ;
+-------------------------------------------------------------+
; File Name                                                   ;
+-------------------------------------------------------------+
; /home/luiza.k12/eld2/LAB2/output_files/hamming_distance.sof ;
+-------------------------------------------------------------+


+------------------------------------------------+
; Assembler Device Options: hamming_distance.sof ;
+----------------+-------------------------------+
; Option         ; Setting                       ;
+----------------+-------------------------------+
; JTAG usercode  ; 0x0009C98F                    ;
; Checksum       ; 0x0009C98F                    ;
+----------------+-------------------------------+


+--------------------+
; Assembler Messages ;
+--------------------+
Info: *******************************************************************
Info: Running Quartus Prime Assembler
    Info: Version 20.1.1 Build 720 11/11/2020 SJ Standard Edition
    Info: Processing started: Fri Mar  8 19:21:07 2024
Info: Command: quartus_asm --read_settings_files=off --write_settings_files=off hamming_distance -c hamming_distance
Warning (18236): Number of processors has not been specified which may cause overloading on shared machines.  Set the global assignment NUM_PARALLEL_PROCESSORS in your QSF to an appropriate value for best performance.
Info (332104): Reading SDC File: 'sdc1.sdc'
Info (332144): No user constrained base clocks found in the design
Info (332096): The command derive_clocks did not find any clocks to derive.  No clocks were created or changed.
Warning (332068): No clocks defined in design.
Info (332143): No user constrained clock uncertainty found in the design. Calling "derive_clock_uncertainty"
Info (332154): The derive_clock_uncertainty command did not apply clock uncertainty to any clock-to-clock transfers.
Info (332129): Detected timing requirements -- optimizing circuit to achieve only the specified requirements
Info (332159): No clocks to report
Warning (332068): No clocks defined in design.
Info (223000): Starting Vectorless Power Activity Estimation
Info (223001): Completed Vectorless Power Activity Estimation
Info (115031): Writing out detailed assembly data for power analysis
Info (115030): Assembler is generating device programming files
Info: Quartus Prime Assembler was successful. 0 errors, 3 warnings
    Info: Peak virtual memory: 422 megabytes
    Info: Processing ended: Fri Mar  8 19:21:08 2024
    Info: Elapsed time: 00:00:01
    Info: Total CPU time (on all processors): 00:00:01


